(@, -1)
(INTEGER, -1)
( , -1)
(divisors, 1)
( , -1)
(<-, -1)
(0, 1)
(INTEGER, -1)
( , -1)
( , -1)
(<-, -1)
(INTEGER, -1)
(<<, -1)
(READ, -1)
(<<, -1)
('Enter a value for num:', 2)
( , -1)
(>>, -1)
(>>, -1)
(LOOPA, -1)
( , -1)
(<<, -1)
(INTEGER, -1)
( , -1)
(index, 2)
( , -1)
(<-, -1)
(2, 3)
( , -1)
(|, -1)
( , -1)
(index, 2)
( , -1)
(<), -1)
(num, 3)
( , -1)
(|, -1)
( , -1)
(1, 4)
( , -1)
(>>, -1)
(CONDITION, -1)
(<<, -1)
(num, 3)
( , -1)
(%%, -1)
(index, 3)
( , -1)
(=, -1)
( , -1)
(0, 4)
( , -1)
(>>, -1)
(divisors, 3)
( , -1)
(<-, -1)
(divisors, 3)
( , -1)
(++, -1)
(1, 4)
(], -1)
(], -1)
(CONDITION, -1)
(<<, -1)
(divisors, 3)
( , -1)
(=, -1)
( , -1)
(0, 4)
( , -1)
(>>, -1)
( , -1)
( , -1)
( , -1)
( , -1)
(WRITE, -1)
(<<, -1)
('*num* is a prime number. *new_line*', 5)
(>>, -1)
(], -1)
(WRITE, -1)
(<<, -1)
('*num* is not a prime number. *new_line*', 6)
(>>, -1)
(@, -1)
